(---------------------------------------------------------------------)
(                                                                     )
(    Parameter File READ                                              )
(                                                                     )
(    Drawing          : LNAv2.brd                                     )
(    Software Version : 17.2S022                                      )
(    Date/Time        : Sun May 20 19:10:30 2018                      )
(                                                                     )
(---------------------------------------------------------------------)


	Paramfile Name : C:/Users/teaves/Desktop/LNA/lib/local/parameter/2_layer_rev1.prm
	Layout Name   : C:/Users/teaves/Desktop/LNA/LNA/pcb/LNAv2.brd

Reading...db_common_type:
Reading...grid_parms_type:
Reading...UnusedPadsSuppressionSettings:
Reading...art_film_type:
Reading...art_film_block_type:
Reading...art_class_type:
Reading...art_class_type:
Reading...art_class_type:
Reading...art_film_type:
Reading...art_film_block_type:
Reading...art_class_type:
Reading...art_class_type:
Reading...art_class_type:
Reading...art_film_type:
Reading...art_film_block_type:
Reading...art_class_type:
Reading...art_class_type:
Reading...art_film_type:
Reading...art_film_block_type:
Reading...art_class_type:
Reading...art_class_type:
Reading...art_film_type:
Reading...art_film_block_type:
Reading...art_class_type:
Reading...art_film_type:
Reading...art_film_block_type:
Reading...art_class_type:
Reading...art_film_type:
Reading...art_film_block_type:
Reading...art_class_type:
Reading...art_class_type:
Reading...color_table_table:
Reading...ColorParmType:
Reading...netCustomColors:
Reading...text_size_table:
Reading...placement_parameter_type:
Reading...probe_parm_type:
Reading...dynfill_parm_type:
Reading...ifp_parm_type:
Reading...ministat_parm_type:
Reading...ats_parm_type:
Reading...drf_parm_type:


..... Total number of errors: 0.
..... Total number of warnings: 0.
